# Activity Log

## Run Summary
- 2026-03-11 17:30:00 | run=20260311-151158-48493 | iter=8 | mode=build | story=S08 | duration=1535s | status=success
- 2026-03-11 17:04:22 | run=20260311-151158-48493 | iter=7 | mode=build | story=S07 | duration=469s | status=success
- 2026-03-11 16:56:31 | run=20260311-151158-48493 | iter=6 | mode=build | story=S06 | duration=1612s | status=success
- 2026-03-11 16:29:37 | run=20260311-151158-48493 | iter=5 | mode=build | story=S05 | duration=1192s | status=success
- 2026-03-11 16:09:43 | run=20260311-151158-48493 | iter=4 | mode=build | story=S04 | duration=523s | status=success
- 2026-03-11 16:00:57 | run=20260311-151158-48493 | iter=3 | mode=build | story=S03 | duration=1275s | status=success
- 2026-03-11 15:39:40 | run=20260311-151158-48493 | iter=2 | mode=build | story=S02 | duration=842s | status=success
- 2026-03-11 15:25:35 | run=20260311-151158-48493 | iter=1 | mode=build | story=S01 | duration=817s | status=success
- 2026-03-11 15:11:20 | run=20260311-151115-47324 | iter=3 | mode=build | story=S01 | duration=0s | status=error
- 2026-03-11 15:11:18 | run=20260311-151115-47324 | iter=2 | mode=build | story=S01 | duration=0s | status=error
- 2026-03-11 15:11:16 | run=20260311-151115-47324 | iter=1 | mode=build | story=S01 | duration=1s | status=error

## Events

[2026-03-11 15:11:16] ITERATION 1 start (mode=build story=S01)
[2026-03-11 15:11:16] ITERATION 1 end (duration=1s)
[2026-03-11 15:11:18] ITERATION 2 start (mode=build story=S01)
[2026-03-11 15:11:18] ITERATION 2 end (duration=0s)
[2026-03-11 15:11:20] ITERATION 3 start (mode=build story=S01)
[2026-03-11 15:11:20] ITERATION 3 end (duration=0s)
[2026-03-11 15:11:58] ITERATION 1 start (mode=build story=S01)
[2026-03-11 15:12:29] Starting S01: Project Scaffolding & Static Assets
[2026-03-11 15:25:19] S01 complete: project scaffolded, all assets copied, SCSS compiled, build passes, committed as 797d2a2
[2026-03-11 15:25:35] ITERATION 1 end (duration=817s)
[2026-03-11 15:25:38] ITERATION 2 start (mode=build story=S02)
[2026-03-11 15:26:12] Starting S02: Content Extraction & Static Data Files (iteration 2)
[2026-03-11 15:38:19] S02 implementation complete: all content files, types, navigation, MDX, and utility functions created. TypeScript and build pass.
[2026-03-11 15:39:25] S02 complete: committed 810e8ad + cfe40a0. All acceptance criteria met. TypeScript and build pass.
[2026-03-11 15:39:40] ITERATION 2 end (duration=842s)
[2026-03-11 15:39:42] ITERATION 3 start (mode=build story=S03)
[2026-03-11 15:40:39] S03: Starting work on Shared UI Components
[2026-03-11 16:00:46] S03: Completed Shared UI Components - 28 components ported across 111 files
[2026-03-11 16:00:57] ITERATION 3 end (duration=1275s)
[2026-03-11 16:00:59] ITERATION 4 start (mode=build story=S04)
[2026-03-11 16:01:25] S04: Starting work - Utilities, Hooks & Animation Setup
[2026-03-11 16:08:13] S04: All utilities, hooks, GSAP setup, SequentialDots, Lottie, and SVG sprite ported. Build passes.
[2026-03-11 16:09:14] S04: Progress log updated. Story complete.
[2026-03-11 16:09:26] S04: All commits done. Working tree clean. Story verified complete.
[2026-03-11 16:09:42] ITERATION 4 end (duration=523s)
[2026-03-11 16:09:45] ITERATION 5 start (mode=build story=S05)
[2026-03-11 16:10:40] S05: Starting work on Root Layout, Header & Footer (iteration 5)
[2026-03-11 16:26:53] S05: Committed da2eab6 - Root Layout, Header & Footer complete
[2026-03-11 16:27:57] S05: Progress log and run summary committed
[2026-03-11 16:29:37] ITERATION 5 end (duration=1192s)
[2026-03-11 16:29:39] ITERATION 6 start (mode=build story=S06)
[2026-03-11 16:30:18] S06: Starting work on Homepage implementation
[2026-03-11 16:55:59] S06 Homepage complete: ported 8 sections (Hero, Scaling, Explore, About, Journey, Governance, Ecosystem, Subscribe) with GSAP ScrollTrigger animations, HomePagination, WrapSVG. Build passes, browser verified. Commit 7c4a9f7.
[2026-03-11 16:56:31] ITERATION 6 end (duration=1612s)
[2026-03-11 16:56:34] ITERATION 7 start (mode=build story=S07)
[2026-03-11 16:56:58] S07: Starting iteration 7 - About Page implementation
[2026-03-11 17:04:17] S07: About Page complete - all sections implemented, build passes, browser verified
[2026-03-11 17:04:22] ITERATION 7 end (duration=469s)
[2026-03-11 17:04:25] ITERATION 8 start (mode=build story=S08)
[2026-03-11 17:30:00] S08: Blog Listing & Article Pages complete - blog grid with category/date filtering, pagination, article detail with markdown rendering, TOC sidebar, prev/next nav, latest articles carousel. Build passes, browser verified. Commit 97954f2.
