# Error Log

> Failures and repeated issues. Use this to add guardrails.

[2026-03-11 15:11:16] ITERATION 1 command failed (status=1)
[2026-03-11 15:11:16] ITERATION 1 left uncommitted changes; review run summary at /Users/gustavo/apps/new-website-v3/.ralph/runs/run-20260311-151115-47324-iter-1.md
[2026-03-11 15:11:16] ITERATION 1 exited non-zero; review /Users/gustavo/apps/new-website-v3/.ralph/runs/run-20260311-151115-47324-iter-1.log
[2026-03-11 15:11:18] ITERATION 2 command failed (status=1)
[2026-03-11 15:11:18] ITERATION 2 left uncommitted changes; review run summary at /Users/gustavo/apps/new-website-v3/.ralph/runs/run-20260311-151115-47324-iter-2.md
[2026-03-11 15:11:18] ITERATION 2 exited non-zero; review /Users/gustavo/apps/new-website-v3/.ralph/runs/run-20260311-151115-47324-iter-2.log
[2026-03-11 15:11:20] ITERATION 3 command failed (status=1)
[2026-03-11 15:11:20] ITERATION 3 left uncommitted changes; review run summary at /Users/gustavo/apps/new-website-v3/.ralph/runs/run-20260311-151115-47324-iter-3.md
[2026-03-11 15:11:20] ITERATION 3 exited non-zero; review /Users/gustavo/apps/new-website-v3/.ralph/runs/run-20260311-151115-47324-iter-3.log
[2026-03-11 15:25:35] ITERATION 1 left uncommitted changes; review run summary at /Users/gustavo/apps/new-website-v3/.ralph/runs/run-20260311-151158-48493-iter-1.md
[2026-03-11 15:39:40] ITERATION 2 left uncommitted changes; review run summary at /Users/gustavo/apps/new-website-v3/.ralph/runs/run-20260311-151158-48493-iter-2.md
[2026-03-11 16:00:57] ITERATION 3 left uncommitted changes; review run summary at /Users/gustavo/apps/new-website-v3/.ralph/runs/run-20260311-151158-48493-iter-3.md
[2026-03-11 16:09:43] ITERATION 4 left uncommitted changes; review run summary at /Users/gustavo/apps/new-website-v3/.ralph/runs/run-20260311-151158-48493-iter-4.md
[2026-03-11 16:29:37] ITERATION 5 left uncommitted changes; review run summary at /Users/gustavo/apps/new-website-v3/.ralph/runs/run-20260311-151158-48493-iter-5.md
[2026-03-11 16:56:31] ITERATION 6 left uncommitted changes; review run summary at /Users/gustavo/apps/new-website-v3/.ralph/runs/run-20260311-151158-48493-iter-6.md
[2026-03-11 17:04:22] ITERATION 7 left uncommitted changes; review run summary at /Users/gustavo/apps/new-website-v3/.ralph/runs/run-20260311-151158-48493-iter-7.md
[2026-03-11 17:24:35] ITERATION 8 left uncommitted changes; review run summary at /Users/gustavo/apps/new-website-v3/.ralph/runs/run-20260311-151158-48493-iter-8.md
[2026-03-11 17:33:27] ITERATION 9 left uncommitted changes; review run summary at /Users/gustavo/apps/new-website-v3/.ralph/runs/run-20260311-151158-48493-iter-9.md
[2026-03-11 17:40:02] ITERATION 10 left uncommitted changes; review run summary at /Users/gustavo/apps/new-website-v3/.ralph/runs/run-20260311-151158-48493-iter-10.md
[2026-03-11 17:50:33] ITERATION 11 left uncommitted changes; review run summary at /Users/gustavo/apps/new-website-v3/.ralph/runs/run-20260311-151158-48493-iter-11.md
[2026-03-11 18:03:29] ITERATION 12 left uncommitted changes; review run summary at /Users/gustavo/apps/new-website-v3/.ralph/runs/run-20260311-151158-48493-iter-12.md
[2026-03-11 21:53:15] ITERATION 13 left uncommitted changes; review run summary at /Users/gustavo/apps/new-website-v3/.ralph/runs/run-20260311-151158-48493-iter-13.md
[2026-03-11 22:02:05] ITERATION 14 left uncommitted changes; review run summary at /Users/gustavo/apps/new-website-v3/.ralph/runs/run-20260311-151158-48493-iter-14.md
[2026-03-11 22:10:19] ITERATION 15 left uncommitted changes; review run summary at /Users/gustavo/apps/new-website-v3/.ralph/runs/run-20260311-151158-48493-iter-15.md
[2026-03-11 22:16:17] ITERATION 16 left uncommitted changes; review run summary at /Users/gustavo/apps/new-website-v3/.ralph/runs/run-20260311-151158-48493-iter-16.md
[2026-03-11 22:20:44] ITERATION 17 left uncommitted changes; review run summary at /Users/gustavo/apps/new-website-v3/.ralph/runs/run-20260311-151158-48493-iter-17.md
[2026-03-11 22:27:17] ITERATION 18 left uncommitted changes; review run summary at /Users/gustavo/apps/new-website-v3/.ralph/runs/run-20260311-151158-48493-iter-18.md
